<?xml version="1.0" encoding="UTF-8"?>
<testng-results skipped="0" failed="0" total="1" passed="1">
  <reporter-output>
  </reporter-output>
  <suite name="Default suite" duration-ms="24711" started-at="2019-10-12T06:28:27Z" finished-at="2019-10-12T06:28:52Z">
    <groups>
    </groups>
    <test name="Default test" duration-ms="24711" started-at="2019-10-12T06:28:27Z" finished-at="2019-10-12T06:28:52Z">
      <class name="project.PHPTravelers.Hotel_Search_01">
        <test-method status="PASS" signature="hotelSearch()[pri:0, instance:project.PHPTravelers.Hotel_Search_01@77cd7a0]" name="hotelSearch" duration-ms="24670" started-at="2019-10-12T11:58:27Z" finished-at="2019-10-12T11:58:52Z">
          <reporter-output>
          </reporter-output>
        </test-method> <!-- hotelSearch -->
      </class> <!-- project.PHPTravelers.Hotel_Search_01 -->
    </test> <!-- Default test -->
  </suite> <!-- Default suite -->
</testng-results>
